=/pretest.json
{
  _: [],
  f: [
    '/home/runner/work/exp-transforming-rectangular-hyperbola-using-linear-model-iitb/exp-transforming-rectangular-hyperbola-using-linear-model-iitb/experiment/pretest.json'
  ],
  files: [
    '/home/runner/work/exp-transforming-rectangular-hyperbola-using-linear-model-iitb/exp-transforming-rectangular-hyperbola-using-linear-model-iitb/experiment/pretest.json'
  ],
  c: 'assessment',
  contentTypes: 'assessment',
  'content-types': 'assessment',
  '$0': 'validate'
}
Validated true
=/posttest.json
{
  _: [],
  f: [
    '/home/runner/work/exp-transforming-rectangular-hyperbola-using-linear-model-iitb/exp-transforming-rectangular-hyperbola-using-linear-model-iitb/experiment/posttest.json'
  ],
  files: [
    '/home/runner/work/exp-transforming-rectangular-hyperbola-using-linear-model-iitb/exp-transforming-rectangular-hyperbola-using-linear-model-iitb/experiment/posttest.json'
  ],
  c: 'assessment',
  contentTypes: 'assessment',
  'content-types': 'assessment',
  '$0': 'validate'
}
Validated true
